<?xml version="1.0" encoding="UTF-8"?>
<testsuite xmlns:xsi="http://www.w3.org/2001/XMLSchema-instance" xsi:noNamespaceSchemaLocation="https://maven.apache.org/surefire/maven-surefire-plugin/xsd/surefire-test-report.xsd" name="com.hywa.pricepublish.controller.login.IndexControllerTest" time="0.009" tests="1" errors="0" skipped="0" failures="0">
  <properties>
    <property name="sun.desktop" value="windows"/>
    <property name="awt.toolkit" value="sun.awt.windows.WToolkit"/>
    <property name="file.encoding.pkg" value="sun.io"/>
    <property name="java.specification.version" value="1.8"/>
    <property name="sun.cpu.isalist" value="amd64"/>
    <property name="sun.jnu.encoding" value="GBK"/>
    <property name="java.class.path" value="E:\svn\price-publishing-system\target\test-classes;E:\svn\price-publishing-system\target\classes;E:\svn\price-publishing-system\maven\repository\commons-net\commons-net\3.1\commons-net-3.1.jar;E:\svn\price-publishing-system\maven\repository\com\fasterxml\jackson\core\jackson-core\2.9.4\jackson-core-2.9.4.jar;E:\svn\price-publishing-system\maven\repository\com\fasterxml\jackson\core\jackson-annotations\2.9.4\jackson-annotations-2.9.4.jar;E:\svn\price-publishing-system\maven\repository\org\springframework\boot\spring-boot-starter-web\2.0.2.RELEASE\spring-boot-starter-web-2.0.2.RELEASE.jar;E:\svn\price-publishing-system\maven\repository\org\springframework\boot\spring-boot-starter\2.0.2.RELEASE\spring-boot-starter-2.0.2.RELEASE.jar;E:\svn\price-publishing-system\maven\repository\org\springframework\boot\spring-boot-starter-logging\2.0.2.RELEASE\spring-boot-starter-logging-2.0.2.RELEASE.jar;E:\svn\price-publishing-system\maven\repository\ch\qos\logback\logback-classic\1.2.3\logback-classic-1.2.3.jar;E:\svn\price-publishing-system\maven\repository\ch\qos\logback\logback-core\1.2.3\logback-core-1.2.3.jar;E:\svn\price-publishing-system\maven\repository\org\apache\logging\log4j\log4j-to-slf4j\2.10.0\log4j-to-slf4j-2.10.0.jar;E:\svn\price-publishing-system\maven\repository\org\apache\logging\log4j\log4j-api\2.10.0\log4j-api-2.10.0.jar;E:\svn\price-publishing-system\maven\repository\org\slf4j\jul-to-slf4j\1.7.25\jul-to-slf4j-1.7.25.jar;E:\svn\price-publishing-system\maven\repository\javax\annotation\javax.annotation-api\1.3.2\javax.annotation-api-1.3.2.jar;E:\svn\price-publishing-system\maven\repository\org\yaml\snakeyaml\1.19\snakeyaml-1.19.jar;E:\svn\price-publishing-system\maven\repository\org\springframework\boot\spring-boot-starter-json\2.0.2.RELEASE\spring-boot-starter-json-2.0.2.RELEASE.jar;E:\svn\price-publishing-system\maven\repository\com\fasterxml\jackson\core\jackson-databind\2.9.4\jackson-databind-2.9.4.jar;E:\svn\price-publishing-system\maven\repository\com\fasterxml\jackson\datatype\jackson-datatype-jdk8\2.9.4\jackson-datatype-jdk8-2.9.4.jar;E:\svn\price-publishing-system\maven\repository\com\fasterxml\jackson\datatype\jackson-datatype-jsr310\2.9.4\jackson-datatype-jsr310-2.9.4.jar;E:\svn\price-publishing-system\maven\repository\com\fasterxml\jackson\module\jackson-module-parameter-names\2.9.4\jackson-module-parameter-names-2.9.4.jar;E:\svn\price-publishing-system\maven\repository\org\springframework\boot\spring-boot-starter-tomcat\2.0.2.RELEASE\spring-boot-starter-tomcat-2.0.2.RELEASE.jar;E:\svn\price-publishing-system\maven\repository\org\apache\tomcat\embed\tomcat-embed-core\8.5.31\tomcat-embed-core-8.5.31.jar;E:\svn\price-publishing-system\maven\repository\org\apache\tomcat\embed\tomcat-embed-el\8.5.31\tomcat-embed-el-8.5.31.jar;E:\svn\price-publishing-system\maven\repository\org\apache\tomcat\embed\tomcat-embed-websocket\8.5.31\tomcat-embed-websocket-8.5.31.jar;E:\svn\price-publishing-system\maven\repository\org\hibernate\validator\hibernate-validator\6.0.9.Final\hibernate-validator-6.0.9.Final.jar;E:\svn\price-publishing-system\maven\repository\javax\validation\validation-api\2.0.1.Final\validation-api-2.0.1.Final.jar;E:\svn\price-publishing-system\maven\repository\org\jboss\logging\jboss-logging\3.3.2.Final\jboss-logging-3.3.2.Final.jar;E:\svn\price-publishing-system\maven\repository\com\fasterxml\classmate\1.3.4\classmate-1.3.4.jar;E:\svn\price-publishing-system\maven\repository\org\springframework\spring-web\5.0.6.RELEASE\spring-web-5.0.6.RELEASE.jar;E:\svn\price-publishing-system\maven\repository\org\springframework\spring-beans\5.0.6.RELEASE\spring-beans-5.0.6.RELEASE.jar;E:\svn\price-publishing-system\maven\repository\org\springframework\spring-webmvc\5.0.6.RELEASE\spring-webmvc-5.0.6.RELEASE.jar;E:\svn\price-publishing-system\maven\repository\org\springframework\spring-context\5.0.6.RELEASE\spring-context-5.0.6.RELEASE.jar;E:\svn\price-publishing-system\maven\repository\org\springframework\spring-expression\5.0.6.RELEASE\spring-expression-5.0.6.RELEASE.jar;E:\svn\price-publishing-system\maven\repository\org\springframework\boot\spring-boot-starter-aop\2.0.2.RELEASE\spring-boot-starter-aop-2.0.2.RELEASE.jar;E:\svn\price-publishing-system\maven\repository\org\springframework\spring-aop\5.0.6.RELEASE\spring-aop-5.0.6.RELEASE.jar;E:\svn\price-publishing-system\maven\repository\org\aspectj\aspectjweaver\1.8.13\aspectjweaver-1.8.13.jar;E:\svn\price-publishing-system\maven\repository\org\springframework\boot\spring-boot-starter-data-redis\2.0.2.RELEASE\spring-boot-starter-data-redis-2.0.2.RELEASE.jar;E:\svn\price-publishing-system\maven\repository\org\springframework\data\spring-data-redis\2.0.7.RELEASE\spring-data-redis-2.0.7.RELEASE.jar;E:\svn\price-publishing-system\maven\repository\org\springframework\data\spring-data-keyvalue\2.0.7.RELEASE\spring-data-keyvalue-2.0.7.RELEASE.jar;E:\svn\price-publishing-system\maven\repository\org\springframework\data\spring-data-commons\2.0.7.RELEASE\spring-data-commons-2.0.7.RELEASE.jar;E:\svn\price-publishing-system\maven\repository\org\springframework\spring-tx\5.0.6.RELEASE\spring-tx-5.0.6.RELEASE.jar;E:\svn\price-publishing-system\maven\repository\org\springframework\spring-oxm\5.0.6.RELEASE\spring-oxm-5.0.6.RELEASE.jar;E:\svn\price-publishing-system\maven\repository\io\lettuce\lettuce-core\5.0.4.RELEASE\lettuce-core-5.0.4.RELEASE.jar;E:\svn\price-publishing-system\maven\repository\io\projectreactor\reactor-core\3.1.7.RELEASE\reactor-core-3.1.7.RELEASE.jar;E:\svn\price-publishing-system\maven\repository\org\reactivestreams\reactive-streams\1.0.2\reactive-streams-1.0.2.jar;E:\svn\price-publishing-system\maven\repository\io\netty\netty-common\4.1.24.Final\netty-common-4.1.24.Final.jar;E:\svn\price-publishing-system\maven\repository\io\netty\netty-transport\4.1.24.Final\netty-transport-4.1.24.Final.jar;E:\svn\price-publishing-system\maven\repository\io\netty\netty-buffer\4.1.24.Final\netty-buffer-4.1.24.Final.jar;E:\svn\price-publishing-system\maven\repository\io\netty\netty-resolver\4.1.24.Final\netty-resolver-4.1.24.Final.jar;E:\svn\price-publishing-system\maven\repository\io\netty\netty-handler\4.1.24.Final\netty-handler-4.1.24.Final.jar;E:\svn\price-publishing-system\maven\repository\io\netty\netty-codec\4.1.24.Final\netty-codec-4.1.24.Final.jar;E:\svn\price-publishing-system\maven\repository\org\springframework\boot\spring-boot-starter-test\2.0.2.RELEASE\spring-boot-starter-test-2.0.2.RELEASE.jar;E:\svn\price-publishing-system\maven\repository\org\springframework\boot\spring-boot-test\2.0.2.RELEASE\spring-boot-test-2.0.2.RELEASE.jar;E:\svn\price-publishing-system\maven\repository\org\springframework\boot\spring-boot-test-autoconfigure\2.0.2.RELEASE\spring-boot-test-autoconfigure-2.0.2.RELEASE.jar;E:\svn\price-publishing-system\maven\repository\com\jayway\jsonpath\json-path\2.4.0\json-path-2.4.0.jar;E:\svn\price-publishing-system\maven\repository\net\minidev\json-smart\2.3\json-smart-2.3.jar;E:\svn\price-publishing-system\maven\repository\net\minidev\accessors-smart\1.2\accessors-smart-1.2.jar;E:\svn\price-publishing-system\maven\repository\org\ow2\asm\asm\5.0.4\asm-5.0.4.jar;E:\svn\price-publishing-system\maven\repository\junit\junit\4.12\junit-4.12.jar;E:\svn\price-publishing-system\maven\repository\org\assertj\assertj-core\3.9.1\assertj-core-3.9.1.jar;E:\svn\price-publishing-system\maven\repository\org\mockito\mockito-core\2.15.0\mockito-core-2.15.0.jar;E:\svn\price-publishing-system\maven\repository\net\bytebuddy\byte-buddy\1.7.11\byte-buddy-1.7.11.jar;E:\svn\price-publishing-system\maven\repository\net\bytebuddy\byte-buddy-agent\1.7.11\byte-buddy-agent-1.7.11.jar;E:\svn\price-publishing-system\maven\repository\org\objenesis\objenesis\2.6\objenesis-2.6.jar;E:\svn\price-publishing-system\maven\repository\org\hamcrest\hamcrest-core\1.3\hamcrest-core-1.3.jar;E:\svn\price-publishing-system\maven\repository\org\hamcrest\hamcrest-library\1.3\hamcrest-library-1.3.jar;E:\svn\price-publishing-system\maven\repository\org\skyscreamer\jsonassert\1.5.0\jsonassert-1.5.0.jar;E:\svn\price-publishing-system\maven\repository\com\vaadin\external\google\android-json\0.0.20131108.vaadin1\android-json-0.0.20131108.vaadin1.jar;E:\svn\price-publishing-system\maven\repository\org\springframework\spring-core\5.0.6.RELEASE\spring-core-5.0.6.RELEASE.jar;E:\svn\price-publishing-system\maven\repository\org\springframework\spring-jcl\5.0.6.RELEASE\spring-jcl-5.0.6.RELEASE.jar;E:\svn\price-publishing-system\maven\repository\org\springframework\spring-test\5.0.6.RELEASE\spring-test-5.0.6.RELEASE.jar;E:\svn\price-publishing-system\maven\repository\org\xmlunit\xmlunit-core\2.5.1\xmlunit-core-2.5.1.jar;E:\svn\price-publishing-system\maven\repository\mysql\mysql-connector-java\5.1.46\mysql-connector-java-5.1.46.jar;E:\svn\price-publishing-system\maven\repository\org\apache\shiro\shiro-spring\1.3.2\shiro-spring-1.3.2.jar;E:\svn\price-publishing-system\maven\repository\org\apache\shiro\shiro-core\1.3.2\shiro-core-1.3.2.jar;E:\svn\price-publishing-system\maven\repository\commons-beanutils\commons-beanutils\1.8.3\commons-beanutils-1.8.3.jar;E:\svn\price-publishing-system\maven\repository\org\apache\shiro\shiro-web\1.3.2\shiro-web-1.3.2.jar;E:\svn\price-publishing-system\maven\repository\org\apache\commons\commons-pool2\2.5.0\commons-pool2-2.5.0.jar;E:\svn\price-publishing-system\maven\repository\org\slf4j\slf4j-api\1.7.25\slf4j-api-1.7.25.jar;E:\svn\price-publishing-system\maven\repository\org\springframework\boot\spring-boot-devtools\2.0.2.RELEASE\spring-boot-devtools-2.0.2.RELEASE.jar;E:\svn\price-publishing-system\maven\repository\org\springframework\boot\spring-boot\2.0.2.RELEASE\spring-boot-2.0.2.RELEASE.jar;E:\svn\price-publishing-system\maven\repository\org\springframework\boot\spring-boot-autoconfigure\2.0.2.RELEASE\spring-boot-autoconfigure-2.0.2.RELEASE.jar;E:\svn\price-publishing-system\maven\repository\org\springframework\boot\spring-boot-starter-freemarker\2.0.2.RELEASE\spring-boot-starter-freemarker-2.0.2.RELEASE.jar;E:\svn\price-publishing-system\maven\repository\org\freemarker\freemarker\2.3.28\freemarker-2.3.28.jar;E:\svn\price-publishing-system\maven\repository\org\springframework\spring-context-support\5.0.6.RELEASE\spring-context-support-5.0.6.RELEASE.jar;E:\svn\price-publishing-system\maven\repository\org\mybatis\spring\boot\mybatis-spring-boot-starter\1.3.1\mybatis-spring-boot-starter-1.3.1.jar;E:\svn\price-publishing-system\maven\repository\org\springframework\boot\spring-boot-starter-jdbc\2.0.2.RELEASE\spring-boot-starter-jdbc-2.0.2.RELEASE.jar;E:\svn\price-publishing-system\maven\repository\com\zaxxer\HikariCP\2.7.9\HikariCP-2.7.9.jar;E:\svn\price-publishing-system\maven\repository\org\springframework\spring-jdbc\5.0.6.RELEASE\spring-jdbc-5.0.6.RELEASE.jar;E:\svn\price-publishing-system\maven\repository\org\mybatis\spring\boot\mybatis-spring-boot-autoconfigure\1.3.1\mybatis-spring-boot-autoconfigure-1.3.1.jar;E:\svn\price-publishing-system\maven\repository\org\mybatis\mybatis\3.4.5\mybatis-3.4.5.jar;E:\svn\price-publishing-system\maven\repository\org\mybatis\mybatis-spring\1.3.1\mybatis-spring-1.3.1.jar;E:\svn\price-publishing-system\maven\repository\net\sourceforge\jexcelapi\jxl\2.6.12\jxl-2.6.12.jar;E:\svn\price-publishing-system\maven\repository\log4j\log4j\1.2.14\log4j-1.2.14.jar;E:\svn\price-publishing-system\maven\repository\com\alibaba\fastjson\1.2.47\fastjson-1.2.47.jar;E:\svn\price-publishing-system\maven\repository\com\github\pagehelper\pagehelper-spring-boot-starter\1.2.4\pagehelper-spring-boot-starter-1.2.4.jar;E:\svn\price-publishing-system\maven\repository\com\github\pagehelper\pagehelper-spring-boot-autoconfigure\1.2.4\pagehelper-spring-boot-autoconfigure-1.2.4.jar;E:\svn\price-publishing-system\maven\repository\com\github\pagehelper\pagehelper\5.1.3\pagehelper-5.1.3.jar;E:\svn\price-publishing-system\maven\repository\com\github\jsqlparser\jsqlparser\1.0\jsqlparser-1.0.jar;E:\svn\price-publishing-system\maven\repository\org\projectlombok\lombok\1.16.20\lombok-1.16.20.jar;E:\svn\price-publishing-system\maven\repository\com\alibaba\druid\1.1.6\druid-1.1.6.jar;E:\svn\price-publishing-system\maven\repository\com\google\guava\guava\23.0\guava-23.0.jar;E:\svn\price-publishing-system\maven\repository\com\google\code\findbugs\jsr305\1.3.9\jsr305-1.3.9.jar;E:\svn\price-publishing-system\maven\repository\com\google\errorprone\error_prone_annotations\2.0.18\error_prone_annotations-2.0.18.jar;E:\svn\price-publishing-system\maven\repository\com\google\j2objc\j2objc-annotations\1.1\j2objc-annotations-1.1.jar;E:\svn\price-publishing-system\maven\repository\org\codehaus\mojo\animal-sniffer-annotations\1.14\animal-sniffer-annotations-1.14.jar;"/>
    <property name="java.vm.vendor" value="Oracle Corporation"/>
    <property name="sun.arch.data.model" value="64"/>
    <property name="user.variant" value=""/>
    <property name="java.vendor.url" value="http://java.oracle.com/"/>
    <property name="user.timezone" value=""/>
    <property name="user.country.format" value="US"/>
    <property name="java.vm.specification.version" value="1.8"/>
    <property name="os.name" value="Windows 7"/>
    <property name="user.country" value="CN"/>
    <property name="sun.java.launcher" value="SUN_STANDARD"/>
    <property name="sun.boot.library.path" value="C:\Program Files\Java\jdk1.8.0_131\jre\bin"/>
    <property name="sun.java.command" value="C:\Users\ADMINI~1\AppData\Local\Temp\surefire537720451785096800\surefirebooter6018221472625287265.jar C:\Users\Administrator\AppData\Local\Temp\surefire537720451785096800 2018-08-03T13-01-03_089-jvmRun1 surefire1270093576984087738tmp surefire_07267315561810075214tmp"/>
    <property name="surefire.test.class.path" value="E:\svn\price-publishing-system\target\test-classes;E:\svn\price-publishing-system\target\classes;E:\svn\price-publishing-system\maven\repository\commons-net\commons-net\3.1\commons-net-3.1.jar;E:\svn\price-publishing-system\maven\repository\com\fasterxml\jackson\core\jackson-core\2.9.4\jackson-core-2.9.4.jar;E:\svn\price-publishing-system\maven\repository\com\fasterxml\jackson\core\jackson-annotations\2.9.4\jackson-annotations-2.9.4.jar;E:\svn\price-publishing-system\maven\repository\org\springframework\boot\spring-boot-starter-web\2.0.2.RELEASE\spring-boot-starter-web-2.0.2.RELEASE.jar;E:\svn\price-publishing-system\maven\repository\org\springframework\boot\spring-boot-starter\2.0.2.RELEASE\spring-boot-starter-2.0.2.RELEASE.jar;E:\svn\price-publishing-system\maven\repository\org\springframework\boot\spring-boot-starter-logging\2.0.2.RELEASE\spring-boot-starter-logging-2.0.2.RELEASE.jar;E:\svn\price-publishing-system\maven\repository\ch\qos\logback\logback-classic\1.2.3\logback-classic-1.2.3.jar;E:\svn\price-publishing-system\maven\repository\ch\qos\logback\logback-core\1.2.3\logback-core-1.2.3.jar;E:\svn\price-publishing-system\maven\repository\org\apache\logging\log4j\log4j-to-slf4j\2.10.0\log4j-to-slf4j-2.10.0.jar;E:\svn\price-publishing-system\maven\repository\org\apache\logging\log4j\log4j-api\2.10.0\log4j-api-2.10.0.jar;E:\svn\price-publishing-system\maven\repository\org\slf4j\jul-to-slf4j\1.7.25\jul-to-slf4j-1.7.25.jar;E:\svn\price-publishing-system\maven\repository\javax\annotation\javax.annotation-api\1.3.2\javax.annotation-api-1.3.2.jar;E:\svn\price-publishing-system\maven\repository\org\yaml\snakeyaml\1.19\snakeyaml-1.19.jar;E:\svn\price-publishing-system\maven\repository\org\springframework\boot\spring-boot-starter-json\2.0.2.RELEASE\spring-boot-starter-json-2.0.2.RELEASE.jar;E:\svn\price-publishing-system\maven\repository\com\fasterxml\jackson\core\jackson-databind\2.9.4\jackson-databind-2.9.4.jar;E:\svn\price-publishing-system\maven\repository\com\fasterxml\jackson\datatype\jackson-datatype-jdk8\2.9.4\jackson-datatype-jdk8-2.9.4.jar;E:\svn\price-publishing-system\maven\repository\com\fasterxml\jackson\datatype\jackson-datatype-jsr310\2.9.4\jackson-datatype-jsr310-2.9.4.jar;E:\svn\price-publishing-system\maven\repository\com\fasterxml\jackson\module\jackson-module-parameter-names\2.9.4\jackson-module-parameter-names-2.9.4.jar;E:\svn\price-publishing-system\maven\repository\org\springframework\boot\spring-boot-starter-tomcat\2.0.2.RELEASE\spring-boot-starter-tomcat-2.0.2.RELEASE.jar;E:\svn\price-publishing-system\maven\repository\org\apache\tomcat\embed\tomcat-embed-core\8.5.31\tomcat-embed-core-8.5.31.jar;E:\svn\price-publishing-system\maven\repository\org\apache\tomcat\embed\tomcat-embed-el\8.5.31\tomcat-embed-el-8.5.31.jar;E:\svn\price-publishing-system\maven\repository\org\apache\tomcat\embed\tomcat-embed-websocket\8.5.31\tomcat-embed-websocket-8.5.31.jar;E:\svn\price-publishing-system\maven\repository\org\hibernate\validator\hibernate-validator\6.0.9.Final\hibernate-validator-6.0.9.Final.jar;E:\svn\price-publishing-system\maven\repository\javax\validation\validation-api\2.0.1.Final\validation-api-2.0.1.Final.jar;E:\svn\price-publishing-system\maven\repository\org\jboss\logging\jboss-logging\3.3.2.Final\jboss-logging-3.3.2.Final.jar;E:\svn\price-publishing-system\maven\repository\com\fasterxml\classmate\1.3.4\classmate-1.3.4.jar;E:\svn\price-publishing-system\maven\repository\org\springframework\spring-web\5.0.6.RELEASE\spring-web-5.0.6.RELEASE.jar;E:\svn\price-publishing-system\maven\repository\org\springframework\spring-beans\5.0.6.RELEASE\spring-beans-5.0.6.RELEASE.jar;E:\svn\price-publishing-system\maven\repository\org\springframework\spring-webmvc\5.0.6.RELEASE\spring-webmvc-5.0.6.RELEASE.jar;E:\svn\price-publishing-system\maven\repository\org\springframework\spring-context\5.0.6.RELEASE\spring-context-5.0.6.RELEASE.jar;E:\svn\price-publishing-system\maven\repository\org\springframework\spring-expression\5.0.6.RELEASE\spring-expression-5.0.6.RELEASE.jar;E:\svn\price-publishing-system\maven\repository\org\springframework\boot\spring-boot-starter-aop\2.0.2.RELEASE\spring-boot-starter-aop-2.0.2.RELEASE.jar;E:\svn\price-publishing-system\maven\repository\org\springframework\spring-aop\5.0.6.RELEASE\spring-aop-5.0.6.RELEASE.jar;E:\svn\price-publishing-system\maven\repository\org\aspectj\aspectjweaver\1.8.13\aspectjweaver-1.8.13.jar;E:\svn\price-publishing-system\maven\repository\org\springframework\boot\spring-boot-starter-data-redis\2.0.2.RELEASE\spring-boot-starter-data-redis-2.0.2.RELEASE.jar;E:\svn\price-publishing-system\maven\repository\org\springframework\data\spring-data-redis\2.0.7.RELEASE\spring-data-redis-2.0.7.RELEASE.jar;E:\svn\price-publishing-system\maven\repository\org\springframework\data\spring-data-keyvalue\2.0.7.RELEASE\spring-data-keyvalue-2.0.7.RELEASE.jar;E:\svn\price-publishing-system\maven\repository\org\springframework\data\spring-data-commons\2.0.7.RELEASE\spring-data-commons-2.0.7.RELEASE.jar;E:\svn\price-publishing-system\maven\repository\org\springframework\spring-tx\5.0.6.RELEASE\spring-tx-5.0.6.RELEASE.jar;E:\svn\price-publishing-system\maven\repository\org\springframework\spring-oxm\5.0.6.RELEASE\spring-oxm-5.0.6.RELEASE.jar;E:\svn\price-publishing-system\maven\repository\io\lettuce\lettuce-core\5.0.4.RELEASE\lettuce-core-5.0.4.RELEASE.jar;E:\svn\price-publishing-system\maven\repository\io\projectreactor\reactor-core\3.1.7.RELEASE\reactor-core-3.1.7.RELEASE.jar;E:\svn\price-publishing-system\maven\repository\org\reactivestreams\reactive-streams\1.0.2\reactive-streams-1.0.2.jar;E:\svn\price-publishing-system\maven\repository\io\netty\netty-common\4.1.24.Final\netty-common-4.1.24.Final.jar;E:\svn\price-publishing-system\maven\repository\io\netty\netty-transport\4.1.24.Final\netty-transport-4.1.24.Final.jar;E:\svn\price-publishing-system\maven\repository\io\netty\netty-buffer\4.1.24.Final\netty-buffer-4.1.24.Final.jar;E:\svn\price-publishing-system\maven\repository\io\netty\netty-resolver\4.1.24.Final\netty-resolver-4.1.24.Final.jar;E:\svn\price-publishing-system\maven\repository\io\netty\netty-handler\4.1.24.Final\netty-handler-4.1.24.Final.jar;E:\svn\price-publishing-system\maven\repository\io\netty\netty-codec\4.1.24.Final\netty-codec-4.1.24.Final.jar;E:\svn\price-publishing-system\maven\repository\org\springframework\boot\spring-boot-starter-test\2.0.2.RELEASE\spring-boot-starter-test-2.0.2.RELEASE.jar;E:\svn\price-publishing-system\maven\repository\org\springframework\boot\spring-boot-test\2.0.2.RELEASE\spring-boot-test-2.0.2.RELEASE.jar;E:\svn\price-publishing-system\maven\repository\org\springframework\boot\spring-boot-test-autoconfigure\2.0.2.RELEASE\spring-boot-test-autoconfigure-2.0.2.RELEASE.jar;E:\svn\price-publishing-system\maven\repository\com\jayway\jsonpath\json-path\2.4.0\json-path-2.4.0.jar;E:\svn\price-publishing-system\maven\repository\net\minidev\json-smart\2.3\json-smart-2.3.jar;E:\svn\price-publishing-system\maven\repository\net\minidev\accessors-smart\1.2\accessors-smart-1.2.jar;E:\svn\price-publishing-system\maven\repository\org\ow2\asm\asm\5.0.4\asm-5.0.4.jar;E:\svn\price-publishing-system\maven\repository\junit\junit\4.12\junit-4.12.jar;E:\svn\price-publishing-system\maven\repository\org\assertj\assertj-core\3.9.1\assertj-core-3.9.1.jar;E:\svn\price-publishing-system\maven\repository\org\mockito\mockito-core\2.15.0\mockito-core-2.15.0.jar;E:\svn\price-publishing-system\maven\repository\net\bytebuddy\byte-buddy\1.7.11\byte-buddy-1.7.11.jar;E:\svn\price-publishing-system\maven\repository\net\bytebuddy\byte-buddy-agent\1.7.11\byte-buddy-agent-1.7.11.jar;E:\svn\price-publishing-system\maven\repository\org\objenesis\objenesis\2.6\objenesis-2.6.jar;E:\svn\price-publishing-system\maven\repository\org\hamcrest\hamcrest-core\1.3\hamcrest-core-1.3.jar;E:\svn\price-publishing-system\maven\repository\org\hamcrest\hamcrest-library\1.3\hamcrest-library-1.3.jar;E:\svn\price-publishing-system\maven\repository\org\skyscreamer\jsonassert\1.5.0\jsonassert-1.5.0.jar;E:\svn\price-publishing-system\maven\repository\com\vaadin\external\google\android-json\0.0.20131108.vaadin1\android-json-0.0.20131108.vaadin1.jar;E:\svn\price-publishing-system\maven\repository\org\springframework\spring-core\5.0.6.RELEASE\spring-core-5.0.6.RELEASE.jar;E:\svn\price-publishing-system\maven\repository\org\springframework\spring-jcl\5.0.6.RELEASE\spring-jcl-5.0.6.RELEASE.jar;E:\svn\price-publishing-system\maven\repository\org\springframework\spring-test\5.0.6.RELEASE\spring-test-5.0.6.RELEASE.jar;E:\svn\price-publishing-system\maven\repository\org\xmlunit\xmlunit-core\2.5.1\xmlunit-core-2.5.1.jar;E:\svn\price-publishing-system\maven\repository\mysql\mysql-connector-java\5.1.46\mysql-connector-java-5.1.46.jar;E:\svn\price-publishing-system\maven\repository\org\apache\shiro\shiro-spring\1.3.2\shiro-spring-1.3.2.jar;E:\svn\price-publishing-system\maven\repository\org\apache\shiro\shiro-core\1.3.2\shiro-core-1.3.2.jar;E:\svn\price-publishing-system\maven\repository\commons-beanutils\commons-beanutils\1.8.3\commons-beanutils-1.8.3.jar;E:\svn\price-publishing-system\maven\repository\org\apache\shiro\shiro-web\1.3.2\shiro-web-1.3.2.jar;E:\svn\price-publishing-system\maven\repository\org\apache\commons\commons-pool2\2.5.0\commons-pool2-2.5.0.jar;E:\svn\price-publishing-system\maven\repository\org\slf4j\slf4j-api\1.7.25\slf4j-api-1.7.25.jar;E:\svn\price-publishing-system\maven\repository\org\springframework\boot\spring-boot-devtools\2.0.2.RELEASE\spring-boot-devtools-2.0.2.RELEASE.jar;E:\svn\price-publishing-system\maven\repository\org\springframework\boot\spring-boot\2.0.2.RELEASE\spring-boot-2.0.2.RELEASE.jar;E:\svn\price-publishing-system\maven\repository\org\springframework\boot\spring-boot-autoconfigure\2.0.2.RELEASE\spring-boot-autoconfigure-2.0.2.RELEASE.jar;E:\svn\price-publishing-system\maven\repository\org\springframework\boot\spring-boot-starter-freemarker\2.0.2.RELEASE\spring-boot-starter-freemarker-2.0.2.RELEASE.jar;E:\svn\price-publishing-system\maven\repository\org\freemarker\freemarker\2.3.28\freemarker-2.3.28.jar;E:\svn\price-publishing-system\maven\repository\org\springframework\spring-context-support\5.0.6.RELEASE\spring-context-support-5.0.6.RELEASE.jar;E:\svn\price-publishing-system\maven\repository\org\mybatis\spring\boot\mybatis-spring-boot-starter\1.3.1\mybatis-spring-boot-starter-1.3.1.jar;E:\svn\price-publishing-system\maven\repository\org\springframework\boot\spring-boot-starter-jdbc\2.0.2.RELEASE\spring-boot-starter-jdbc-2.0.2.RELEASE.jar;E:\svn\price-publishing-system\maven\repository\com\zaxxer\HikariCP\2.7.9\HikariCP-2.7.9.jar;E:\svn\price-publishing-system\maven\repository\org\springframework\spring-jdbc\5.0.6.RELEASE\spring-jdbc-5.0.6.RELEASE.jar;E:\svn\price-publishing-system\maven\repository\org\mybatis\spring\boot\mybatis-spring-boot-autoconfigure\1.3.1\mybatis-spring-boot-autoconfigure-1.3.1.jar;E:\svn\price-publishing-system\maven\repository\org\mybatis\mybatis\3.4.5\mybatis-3.4.5.jar;E:\svn\price-publishing-system\maven\repository\org\mybatis\mybatis-spring\1.3.1\mybatis-spring-1.3.1.jar;E:\svn\price-publishing-system\maven\repository\net\sourceforge\jexcelapi\jxl\2.6.12\jxl-2.6.12.jar;E:\svn\price-publishing-system\maven\repository\log4j\log4j\1.2.14\log4j-1.2.14.jar;E:\svn\price-publishing-system\maven\repository\com\alibaba\fastjson\1.2.47\fastjson-1.2.47.jar;E:\svn\price-publishing-system\maven\repository\com\github\pagehelper\pagehelper-spring-boot-starter\1.2.4\pagehelper-spring-boot-starter-1.2.4.jar;E:\svn\price-publishing-system\maven\repository\com\github\pagehelper\pagehelper-spring-boot-autoconfigure\1.2.4\pagehelper-spring-boot-autoconfigure-1.2.4.jar;E:\svn\price-publishing-system\maven\repository\com\github\pagehelper\pagehelper\5.1.3\pagehelper-5.1.3.jar;E:\svn\price-publishing-system\maven\repository\com\github\jsqlparser\jsqlparser\1.0\jsqlparser-1.0.jar;E:\svn\price-publishing-system\maven\repository\org\projectlombok\lombok\1.16.20\lombok-1.16.20.jar;E:\svn\price-publishing-system\maven\repository\com\alibaba\druid\1.1.6\druid-1.1.6.jar;E:\svn\price-publishing-system\maven\repository\com\google\guava\guava\23.0\guava-23.0.jar;E:\svn\price-publishing-system\maven\repository\com\google\code\findbugs\jsr305\1.3.9\jsr305-1.3.9.jar;E:\svn\price-publishing-system\maven\repository\com\google\errorprone\error_prone_annotations\2.0.18\error_prone_annotations-2.0.18.jar;E:\svn\price-publishing-system\maven\repository\com\google\j2objc\j2objc-annotations\1.1\j2objc-annotations-1.1.jar;E:\svn\price-publishing-system\maven\repository\org\codehaus\mojo\animal-sniffer-annotations\1.14\animal-sniffer-annotations-1.14.jar;"/>
    <property name="sun.cpu.endian" value="little"/>
    <property name="user.home" value="C:\Users\Administrator"/>
    <property name="user.language" value="zh"/>
    <property name="java.specification.vendor" value="Oracle Corporation"/>
    <property name="java.home" value="C:\Program Files\Java\jdk1.8.0_131\jre"/>
    <property name="basedir" value="E:\svn\price-publishing-system"/>
    <property name="file.separator" value="\"/>
    <property name="line.separator" value="&#10;"/>
    <property name="java.vm.specification.vendor" value="Oracle Corporation"/>
    <property name="java.specification.name" value="Java Platform API Specification"/>
    <property name="java.awt.graphicsenv" value="sun.awt.Win32GraphicsEnvironment"/>
    <property name="surefire.real.class.path" value="C:\Users\ADMINI~1\AppData\Local\Temp\surefire537720451785096800\surefirebooter6018221472625287265.jar"/>
    <property name="sun.boot.class.path" value="C:\Program Files\Java\jdk1.8.0_131\jre\lib\resources.jar;C:\Program Files\Java\jdk1.8.0_131\jre\lib\rt.jar;C:\Program Files\Java\jdk1.8.0_131\jre\lib\sunrsasign.jar;C:\Program Files\Java\jdk1.8.0_131\jre\lib\jsse.jar;C:\Program Files\Java\jdk1.8.0_131\jre\lib\jce.jar;C:\Program Files\Java\jdk1.8.0_131\jre\lib\charsets.jar;C:\Program Files\Java\jdk1.8.0_131\jre\lib\jfr.jar;C:\Program Files\Java\jdk1.8.0_131\jre\classes"/>
    <property name="user.script" value=""/>
    <property name="sun.management.compiler" value="HotSpot 64-Bit Tiered Compilers"/>
    <property name="java.runtime.version" value="1.8.0_131-b11"/>
    <property name="user.name" value="Administrator"/>
    <property name="path.separator" value=";"/>
    <property name="os.version" value="6.1"/>
    <property name="java.endorsed.dirs" value="C:\Program Files\Java\jdk1.8.0_131\jre\lib\endorsed"/>
    <property name="java.runtime.name" value="Java(TM) SE Runtime Environment"/>
    <property name="file.encoding" value="GBK"/>
    <property name="java.vm.name" value="Java HotSpot(TM) 64-Bit Server VM"/>
    <property name="localRepository" value="E:\svn\price-publishing-system\maven\repository"/>
    <property name="java.vendor.url.bug" value="http://bugreport.sun.com/bugreport/"/>
    <property name="java.io.tmpdir" value="C:\Users\ADMINI~1\AppData\Local\Temp\"/>
    <property name="java.version" value="1.8.0_131"/>
    <property name="user.dir" value="E:\svn\price-publishing-system"/>
    <property name="os.arch" value="amd64"/>
    <property name="java.vm.specification.name" value="Java Virtual Machine Specification"/>
    <property name="java.awt.printerjob" value="sun.awt.windows.WPrinterJob"/>
    <property name="user.language.format" value="en"/>
    <property name="sun.os.patch.level" value="Service Pack 1"/>
    <property name="java.library.path" value="C:\Program Files\Java\jdk1.8.0_131\jre\bin;C:\Windows\Sun\Java\bin;C:\Windows\system32;C:\Windows;C:\ProgramData\Oracle\Java\javapath;C:\Windows\system32;C:\Windows;C:\Windows\System32\Wbem;C:\Windows\System32\WindowsPowerShell\v1.0\;C:\Program Files (x86)\Windows7Master;D:\Program Files (x86)\Git\cmd;C:\Program Files\Java\jdk1.8.0_131\bin;C:\Program Files\Java\jdk1.8.0_131\jre\bin;C:\Program Files\Java\apache-maven-3.5.0\bin;D:\安装包;C:\Program Files (x86)\Microsoft SQL Server\100\Tools\Binn\;C:\Program Files (x86)\Microsoft SQL Server\100\DTS\Binn\;C:\Program Files\MySQL\MySQL Utilities 1.6\;C:\Program Files\TortoiseSVN\bin;E:\Graphviz2.38\bin;C:\Users\Administrator\AppData\Local\atom\bin;C:\Users\Administrator\AppData\Local\GitHubDesktop\bin;d:\Program Files\Microsoft VS Code\bin;E:\Graphviz2.38\bin;."/>
    <property name="java.vm.info" value="mixed mode"/>
    <property name="java.vendor" value="Oracle Corporation"/>
    <property name="java.vm.version" value="25.131-b11"/>
    <property name="java.ext.dirs" value="C:\Program Files\Java\jdk1.8.0_131\jre\lib\ext;C:\Windows\Sun\Java\lib\ext"/>
    <property name="sun.io.unicode.encoding" value="UnicodeLittle"/>
    <property name="java.class.version" value="52.0"/>
  </properties>
  <testcase name="index" classname="com.hywa.pricepublish.controller.login.IndexControllerTest" time="0"/>
</testsuite>